Summary:
Test failure: TestBasicModelG.testRandomScoring (small numeric delta comparison error)
Description:
This seed reproduces for me on master:
1 tests failed.
FAILED:  org.apache.lucene.search.similarities.TestBasicModelG.testRandomScoring

Error Message:
score(1.0,13)=5.3288637E9 < score(1.0,14)=5.3288643E9

Stack Trace:
java.lang.AssertionError: score(1.0,13)=5.3288637E9 < score(1.0,14)=5.3288643E9
        at __randomizedtesting.SeedInfo.seed([F07F8B266257D392:7BE0D29478203598]:0)
        at org.junit.Assert.fail(Assert.java:93)
        at org.apache.lucene.search.similarities.BaseSimilarityTestCase.doTestScoring(BaseSimilarityTestCase.java:423)
        at org.apache.lucene.search.similarities.BaseSimilarityTestCase.testRandomScoring(BaseSimilarityTestCase.java:355)
...
Status:
OPEN
Priority:
Major
Resolution:
Unresolved
Affects_version:
None
Fix_version:
None
Component:
core/search
Label:
None
Environment:

Attachment number:
0
Assignee:
Unassigned
Reporter:
David Smiley
Create date:
17/Nov/17 19:53
Update date:
17/Nov/17 19:59
Resolved date:

