Summary:
TestPointQueries failures
Description:
My Jenkins found a reproducing seed on master:
Checking out Revision a48245a1bfbef0259d38ef36fec814f3891ab80c (refs/remotes/origin/master)
[...]
   [junit4] Suite: org.apache.lucene.search.TestPointQueries
   [junit4] IGNOR/A 0.00s J1 | TestPointQueries.testRandomBinaryBig
   [junit4]    > Assumption #1: 'nightly' test group is disabled (@Nightly())
   [junit4]   2> maj 02, 2016 3:29:13 PM com.carrotsearch.randomizedtesting.RandomizedRunner$QueueUncaughtExceptionsHandler uncaughtException
   [junit4]   2> WARNING: Uncaught exception in thread: Thread[T0,5,TGRP-TestPointQueries]
   [junit4]   2> java.lang.AssertionError
   [junit4]   2>  at __randomizedtesting.SeedInfo.seed([61528898A1A30059]:0)
   [junit4]   2>  at org.apache.lucene.util.DocIdSetBuilder.<init>(DocIdSetBuilder.java:110)
   [junit4]   2>  at org.apache.lucene.util.DocIdSetBuilder.<init>(DocIdSetBuilder.java:98)
   [junit4]   2>  at org.apache.lucene.search.PointRangeQuery$1.buildMatchingDocIdSet(PointRangeQuery.java:109)
   [junit4]   2>  at org.apache.lucene.search.PointRangeQuery$1.scorer(PointRangeQuery.java:213)
   [junit4]   2>  at org.apache.lucene.search.Weight.bulkScorer(Weight.java:135)
   [junit4]   2>  at org.apache.lucene.search.LRUQueryCache$CachingWrapperWeight.cache(LRUQueryCache.java:683)
   [junit4]   2>  at org.apache.lucene.search.LRUQueryCache$CachingWrapperWeight.bulkScorer(LRUQueryCache.java:766)
   [junit4]   2>  at org.apache.lucene.search.AssertingWeight.bulkScorer(AssertingWeight.java:68)
   [junit4]   2>  at org.apache.lucene.search.AssertingWeight.bulkScorer(AssertingWeight.java:68)
   [junit4]   2>  at org.apache.lucene.search.IndexSearcher.search(IndexSearcher.java:666)
   [junit4]   2>  at org.apache.lucene.search.AssertingIndexSearcher.search(AssertingIndexSearcher.java:91)
   [junit4]   2>  at org.apache.lucene.search.IndexSearcher.search(IndexSearcher.java:473)
   [junit4]   2>  at org.apache.lucene.search.TestPointQueries$2._run(TestPointQueries.java:805)
   [junit4]   2>  at org.apache.lucene.search.TestPointQueries$2.run(TestPointQueries.java:758)
   [junit4]   2> 
   [junit4]   2> maj 02, 2016 3:29:13 PM com.carrotsearch.randomizedtesting.RandomizedRunner$QueueUncaughtExceptionsHandler uncaughtException
   [junit4]   2> WARNING: Uncaught exception in thread: Thread[T1,5,TGRP-TestPointQueries]
   [junit4]   2> java.lang.AssertionError
   [junit4]   2>  at __randomizedtesting.SeedInfo.seed([61528898A1A30059]:0)
   [junit4]   2>  at org.apache.lucene.util.DocIdSetBuilder.<init>(DocIdSetBuilder.java:110)
   [junit4]   2>  at org.apache.lucene.util.DocIdSetBuilder.<init>(DocIdSetBuilder.java:98)
   [junit4]   2>  at org.apache.lucene.search.PointRangeQuery$1.buildMatchingDocIdSet(PointRangeQuery.java:109)
   [junit4]   2>  at org.apache.lucene.search.PointRangeQuery$1.scorer(PointRangeQuery.java:213)
   [junit4]   2>  at org.apache.lucene.search.Weight.bulkScorer(Weight.java:135)
   [junit4]   2>  at org.apache.lucene.search.LRUQueryCache$CachingWrapperWeight.cache(LRUQueryCache.java:683)
   [junit4]   2>  at org.apache.lucene.search.LRUQueryCache$CachingWrapperWeight.bulkScorer(LRUQueryCache.java:766)
   [junit4]   2>  at org.apache.lucene.search.AssertingWeight.bulkScorer(AssertingWeight.java:68)
   [junit4]   2>  at org.apache.lucene.search.AssertingWeight.bulkScorer(AssertingWeight.java:68)
   [junit4]   2>  at org.apache.lucene.search.IndexSearcher.search(IndexSearcher.java:666)
   [junit4]   2>  at org.apache.lucene.search.AssertingIndexSearcher.search(AssertingIndexSearcher.java:91)
   [junit4]   2>  at org.apache.lucene.search.IndexSearcher.search(IndexSearcher.java:473)
   [junit4]   2>  at org.apache.lucene.search.TestPointQueries$2._run(TestPointQueries.java:805)
   [junit4]   2>  at org.apache.lucene.search.TestPointQueries$2.run(TestPointQueries.java:758)
   [junit4]   2> 
   [junit4]   2> maj 02, 2016 3:29:13 PM com.carrotsearch.randomizedtesting.RandomizedRunner$QueueUncaughtExceptionsHandler uncaughtException
   [junit4]   2> WARNING: Uncaught exception in thread: Thread[T3,5,TGRP-TestPointQueries]
   [junit4]   2> java.lang.AssertionError
   [junit4]   2>  at __randomizedtesting.SeedInfo.seed([61528898A1A30059]:0)
   [junit4]   2>  at org.apache.lucene.util.DocIdSetBuilder.<init>(DocIdSetBuilder.java:110)
   [junit4]   2>  at org.apache.lucene.util.DocIdSetBuilder.<init>(DocIdSetBuilder.java:98)
   [junit4]   2>  at org.apache.lucene.search.PointRangeQuery$1.buildMatchingDocIdSet(PointRangeQuery.java:109)
   [junit4]   2>  at org.apache.lucene.search.PointRangeQuery$1.scorer(PointRangeQuery.java:213)
   [junit4]   2>  at org.apache.lucene.search.Weight.bulkScorer(Weight.java:135)
   [junit4]   2>  at org.apache.lucene.search.LRUQueryCache$CachingWrapperWeight.cache(LRUQueryCache.java:683)
   [junit4]   2>  at org.apache.lucene.search.LRUQueryCache$CachingWrapperWeight.bulkScorer(LRUQueryCache.java:766)
   [junit4]   2>  at org.apache.lucene.search.AssertingWeight.bulkScorer(AssertingWeight.java:68)
   [junit4]   2>  at org.apache.lucene.search.AssertingWeight.bulkScorer(AssertingWeight.java:68)
   [junit4]   2>  at org.apache.lucene.search.IndexSearcher.search(IndexSearcher.java:666)
   [junit4]   2>  at org.apache.lucene.search.AssertingIndexSearcher.search(AssertingIndexSearcher.java:91)
   [junit4]   2>  at org.apache.lucene.search.IndexSearcher.search(IndexSearcher.java:473)
   [junit4]   2>  at org.apache.lucene.search.TestPointQueries$2._run(TestPointQueries.java:805)
   [junit4]   2>  at org.apache.lucene.search.TestPointQueries$2.run(TestPointQueries.java:758)
   [junit4]   2> 
   [junit4]   2> maj 02, 2016 3:29:13 PM com.carrotsearch.randomizedtesting.RandomizedRunner$QueueUncaughtExceptionsHandler uncaughtException
   [junit4]   2> WARNING: Uncaught exception in thread: Thread[T2,5,TGRP-TestPointQueries]
   [junit4]   2> java.lang.AssertionError
   [junit4]   2>  at __randomizedtesting.SeedInfo.seed([61528898A1A30059]:0)
   [junit4]   2>  at org.apache.lucene.util.DocIdSetBuilder.<init>(DocIdSetBuilder.java:110)
   [junit4]   2>  at org.apache.lucene.util.DocIdSetBuilder.<init>(DocIdSetBuilder.java:98)
   [junit4]   2>  at org.apache.lucene.search.PointRangeQuery$1.buildMatchingDocIdSet(PointRangeQuery.java:109)
   [junit4]   2>  at org.apache.lucene.search.PointRangeQuery$1.scorer(PointRangeQuery.java:213)
   [junit4]   2>  at org.apache.lucene.search.Weight.bulkScorer(Weight.java:135)
   [junit4]   2>  at org.apache.lucene.search.LRUQueryCache$CachingWrapperWeight.cache(LRUQueryCache.java:683)
   [junit4]   2>  at org.apache.lucene.search.LRUQueryCache$CachingWrapperWeight.bulkScorer(LRUQueryCache.java:766)
   [junit4]   2>  at org.apache.lucene.search.AssertingWeight.bulkScorer(AssertingWeight.java:68)
   [junit4]   2>  at org.apache.lucene.search.AssertingWeight.bulkScorer(AssertingWeight.java:68)
   [junit4]   2>  at org.apache.lucene.search.IndexSearcher.search(IndexSearcher.java:666)
   [junit4]   2>  at org.apache.lucene.search.AssertingIndexSearcher.search(AssertingIndexSearcher.java:91)
   [junit4]   2>  at org.apache.lucene.search.IndexSearcher.search(IndexSearcher.java:473)
   [junit4]   2>  at org.apache.lucene.search.TestPointQueries$2._run(TestPointQueries.java:805)
   [junit4]   2>  at org.apache.lucene.search.TestPointQueries$2.run(TestPointQueries.java:758)
   [junit4]   2> 
   [junit4]   2> NOTE: download the large Jenkins line-docs file by running 'ant get-jenkins-line-docs' in the lucene directory.
   [junit4]   2> NOTE: reproduce with: ant test  -Dtestcase=TestPointQueries -Dtests.method=testRandomBinaryTiny -Dtests.seed=61528898A1A30059 -Dtests.slow=true -Dtests.linedocsfile=/home/jenkins/lucene-data/enwiki.random.lines.txt -Dtests.locale=pl -Dtests.timezone=America/Phoenix -Dtests.asserts=true -Dtests.file.encoding=US-ASCII
   [junit4] ERROR   0.16s J1 | TestPointQueries.testRandomBinaryTiny <<<
   [junit4]    > Throwable #1: com.carrotsearch.randomizedtesting.UncaughtExceptionError: Captured an uncaught exception in thread: Thread[id=463, name=T0, state=RUNNABLE, group=TGRP-TestPointQueries]
   [junit4]    > Caused by: java.lang.AssertionError
   [junit4]    >  at __randomizedtesting.SeedInfo.seed([61528898A1A30059]:0)
   [junit4]    >  at org.apache.lucene.util.DocIdSetBuilder.<init>(DocIdSetBuilder.java:110)
   [junit4]    >  at org.apache.lucene.util.DocIdSetBuilder.<init>(DocIdSetBuilder.java:98)
   [junit4]    >  at org.apache.lucene.search.PointRangeQuery$1.buildMatchingDocIdSet(PointRangeQuery.java:109)
   [junit4]    >  at org.apache.lucene.search.PointRangeQuery$1.scorer(PointRangeQuery.java:213)
   [junit4]    >  at org.apache.lucene.search.Weight.bulkScorer(Weight.java:135)
   [junit4]    >  at org.apache.lucene.search.LRUQueryCache$CachingWrapperWeight.cache(LRUQueryCache.java:683)
   [junit4]    >  at org.apache.lucene.search.LRUQueryCache$CachingWrapperWeight.bulkScorer(LRUQueryCache.java:766)
   [junit4]    >  at org.apache.lucene.search.AssertingWeight.bulkScorer(AssertingWeight.java:68)
   [junit4]    >  at org.apache.lucene.search.AssertingWeight.bulkScorer(AssertingWeight.java:68)
   [junit4]    >  at org.apache.lucene.search.IndexSearcher.search(IndexSearcher.java:666)
   [junit4]    >  at org.apache.lucene.search.AssertingIndexSearcher.search(AssertingIndexSearcher.java:91)
   [junit4]    >  at org.apache.lucene.search.IndexSearcher.search(IndexSearcher.java:473)
   [junit4]    >  at org.apache.lucene.search.TestPointQueries$2._run(TestPointQueries.java:805)
   [junit4]    >  at org.apache.lucene.search.TestPointQueries$2.run(TestPointQueries.java:758)Throwable #2: com.carrotsearch.randomizedtesting.UncaughtExceptionError: Captured an uncaught exception in thread: Thread[id=464, name=T1, state=RUNNABLE, group=TGRP-TestPointQueries]
   [junit4]    > Caused by: java.lang.AssertionError
   [junit4]    >  at __randomizedtesting.SeedInfo.seed([61528898A1A30059]:0)
   [junit4]    >  at org.apache.lucene.util.DocIdSetBuilder.<init>(DocIdSetBuilder.java:110)
   [junit4]    >  at org.apache.lucene.util.DocIdSetBuilder.<init>(DocIdSetBuilder.java:98)
   [junit4]    >  at org.apache.lucene.search.PointRangeQuery$1.buildMatchingDocIdSet(PointRangeQuery.java:109)
   [junit4]    >  at org.apache.lucene.search.PointRangeQuery$1.scorer(PointRangeQuery.java:213)
   [junit4]    >  at org.apache.lucene.search.Weight.bulkScorer(Weight.java:135)
   [junit4]    >  at org.apache.lucene.search.LRUQueryCache$CachingWrapperWeight.cache(LRUQueryCache.java:683)
   [junit4]    >  at org.apache.lucene.search.LRUQueryCache$CachingWrapperWeight.bulkScorer(LRUQueryCache.java:766)
   [junit4]    >  at org.apache.lucene.search.AssertingWeight.bulkScorer(AssertingWeight.java:68)
   [junit4]    >  at org.apache.lucene.search.AssertingWeight.bulkScorer(AssertingWeight.java:68)
   [junit4]    >  at org.apache.lucene.search.IndexSearcher.search(IndexSearcher.java:666)
   [junit4]    >  at org.apache.lucene.search.AssertingIndexSearcher.search(AssertingIndexSearcher.java:91)
   [junit4]    >  at org.apache.lucene.search.IndexSearcher.search(IndexSearcher.java:473)
   [junit4]    >  at org.apache.lucene.search.TestPointQueries$2._run(TestPointQueries.java:805)
   [junit4]    >  at org.apache.lucene.search.TestPointQueries$2.run(TestPointQueries.java:758)Throwable #3: com.carrotsearch.randomizedtesting.UncaughtExceptionError: Captured an uncaught exception in thread: Thread[id=465, name=T2, state=RUNNABLE, group=TGRP-TestPointQueries]
   [junit4]    > Caused by: java.lang.AssertionError
   [junit4]    >  at __randomizedtesting.SeedInfo.seed([61528898A1A30059]:0)
   [junit4]    >  at org.apache.lucene.util.DocIdSetBuilder.<init>(DocIdSetBuilder.java:110)
   [junit4]    >  at org.apache.lucene.util.DocIdSetBuilder.<init>(DocIdSetBuilder.java:98)
   [junit4]    >  at org.apache.lucene.search.PointRangeQuery$1.buildMatchingDocIdSet(PointRangeQuery.java:109)
   [junit4]    >  at org.apache.lucene.search.PointRangeQuery$1.scorer(PointRangeQuery.java:213)
   [junit4]    >  at org.apache.lucene.search.Weight.bulkScorer(Weight.java:135)
   [junit4]    >  at org.apache.lucene.search.LRUQueryCache$CachingWrapperWeight.cache(LRUQueryCache.java:683)
   [junit4]    >  at org.apache.lucene.search.LRUQueryCache$CachingWrapperWeight.bulkScorer(LRUQueryCache.java:766)
   [junit4]    >  at org.apache.lucene.search.AssertingWeight.bulkScorer(AssertingWeight.java:68)
   [junit4]    >  at org.apache.lucene.search.AssertingWeight.bulkScorer(AssertingWeight.java:68)
   [junit4]    >  at org.apache.lucene.search.IndexSearcher.search(IndexSearcher.java:666)
   [junit4]    >  at org.apache.lucene.search.AssertingIndexSearcher.search(AssertingIndexSearcher.java:91)
   [junit4]    >  at org.apache.lucene.search.IndexSearcher.search(IndexSearcher.java:473)
   [junit4]    >  at org.apache.lucene.search.TestPointQueries$2._run(TestPointQueries.java:805)
   [junit4]    >  at org.apache.lucene.search.TestPointQueries$2.run(TestPointQueries.java:758)Throwable #4: com.carrotsearch.randomizedtesting.UncaughtExceptionError: Captured an uncaught exception in thread: Thread[id=466, name=T3, state=RUNNABLE, group=TGRP-TestPointQueries]
   [junit4]    > Caused by: java.lang.AssertionError
   [junit4]    >  at __randomizedtesting.SeedInfo.seed([61528898A1A30059]:0)
   [junit4]    >  at org.apache.lucene.util.DocIdSetBuilder.<init>(DocIdSetBuilder.java:110)
   [junit4]    >  at org.apache.lucene.util.DocIdSetBuilder.<init>(DocIdSetBuilder.java:98)
   [junit4]    >  at org.apache.lucene.search.PointRangeQuery$1.buildMatchingDocIdSet(PointRangeQuery.java:109)
   [junit4]    >  at org.apache.lucene.search.PointRangeQuery$1.scorer(PointRangeQuery.java:213)
   [junit4]    >  at org.apache.lucene.search.Weight.bulkScorer(Weight.java:135)
   [junit4]    >  at org.apache.lucene.search.LRUQueryCache$CachingWrapperWeight.cache(LRUQueryCache.java:683)
   [junit4]    >  at org.apache.lucene.search.LRUQueryCache$CachingWrapperWeight.bulkScorer(LRUQueryCache.java:766)
   [junit4]    >  at org.apache.lucene.search.AssertingWeight.bulkScorer(AssertingWeight.java:68)
   [junit4]    >  at org.apache.lucene.search.AssertingWeight.bulkScorer(AssertingWeight.java:68)
   [junit4]    >  at org.apache.lucene.search.IndexSearcher.search(IndexSearcher.java:666)
   [junit4]    >  at org.apache.lucene.search.AssertingIndexSearcher.search(AssertingIndexSearcher.java:91)
   [junit4]    >  at org.apache.lucene.search.IndexSearcher.search(IndexSearcher.java:473)
   [junit4]    >  at org.apache.lucene.search.TestPointQueries$2._run(TestPointQueries.java:805)
   [junit4]    >  at org.apache.lucene.search.TestPointQueries$2.run(TestPointQueries.java:758)
   [junit4] IGNOR/A 0.00s J1 | TestPointQueries.testRandomLongsBig
   [junit4]    > Assumption #1: 'nightly' test group is disabled (@Nightly())
   [junit4]   2> NOTE: test params are: codec=Lucene60, sim=ClassicSimilarity, locale=pl, timezone=America/Phoenix
   [junit4]   2> NOTE: Linux 4.1.0-custom2-amd64 amd64/Oracle Corporation 1.8.0_77 (64-bit)/cpus=16,threads=1,free=238466144,total=339214336
   [junit4]   2> NOTE: All tests run in this JVM: [TestOfflineSorter, TestMathUtil, TestMergeSchedulerExternal, Test2BTerms, TestPayloads, TestFilterLeafReader, TestMixedCodecs, TestSegmentInfos, TestGeoEncodingUtils, TestFastCompressionMode, TestMmapDirectory, TestStressIndexing2, TestCrash, TestBlockPostingsFormat, TestDemoParallelLeafReader, TestBooleanMinShouldMatch, TestCharsRefBuilder, TestLongPostings, TestPersistentSnapshotDeletionPolicy, TestDocumentsWriterStallControl, TestSubScorerFreqs, TestLevenshteinAutomata, TestAllFilesDetectTruncation, TestDocValues, TestRegExp, TestSearch, TestMergePolicyWrapper, TestNRTCachingDirectory, TestExceedMaxTermLength, TestFieldsReader, Test2BPostings, TestArrayUtil, TestSearchAfter, TestVersion, TestNewestSegment, TestIndexWriterReader, TestLegacyNumericUtils, TestScoreCachingWrappingScorer, TestSimpleFSDirectory, TestSpanNotQuery, TestMixedDocValuesUpdates, TestConsistentFieldNumbers, TestPointQueries]
   [junit4]   2> NOTE: download the large Jenkins line-docs file by running 'ant get-jenkins-line-docs' in the lucene directory.
   [junit4]   2> NOTE: reproduce with: ant test  -Dtestcase=TestPointQueries -Dtests.seed=61528898A1A30059 -Dtests.slow=true -Dtests.linedocsfile=/home/jenkins/lucene-data/enwiki.random.lines.txt -Dtests.locale=pl -Dtests.timezone=America/Phoenix -Dtests.asserts=true -Dtests.file.encoding=US-ASCII
   [junit4] ERROR   0.00s J1 | TestPointQueries (suite) <<<
   [junit4]    > Throwable #1: java.lang.AssertionError: The test or suite printed 12284 bytes to stdout and stderr, even though the limit was set to 8192 bytes. Increase the limit with @Limit, ignore it completely with @SuppressSysoutChecks or run with -Dtests.verbose=true
   [junit4]    >  at __randomizedtesting.SeedInfo.seed([61528898A1A30059]:0)
   [junit4]    >  at java.lang.Thread.run(Thread.java:745)
   [junit4] Completed [50/419 (1!)] on J1 in 6.63s, 45 tests, 1 failure, 1 error, 2 skipped <<< FAILURES!
Status:
CLOSED
Priority:
Major
Resolution:
Fixed
Affects_version:
6.0
Fix_version:
6.1, 7.0
Component:
None
Label:
None
Environment:

Attachment number:
0
Assignee:
Michael McCandless
Reporter:
Steve Rowe
Create date:
02/May/16 22:56
Update date:
17/Jun/16 13:11
Resolved date:
03/May/16 11:32
