Summary:
TestSearchAfter.testQueries() failure
Description:
From https://builds.apache.org/job/Lucene-Solr-NightlyTests-master/1735, reproduces 10/10 iterations for me:
   [junit4]   2> NOTE: reproduce with: ant test  -Dtestcase=TestSearchAfter -Dtests.method=testQueries -Dtests.seed=C0154BFB98528228 -Dtests.multiplier=2 -Dtests.nightly=true -Dtests.slow=true -Dtests.linedocsfile=/home/jenkins/jenkins-slave/workspace/Lucene-Solr-NightlyTests-master/test-data/enwiki.random.lines.txt -Dtests.locale=sr-ME -Dtests.timezone=Africa/Timbuktu -Dtests.asserts=true -Dtests.file.encoding=US-ASCII
   [junit4] FAILURE 0.34s J2 | TestSearchAfter.testQueries <<<
   [junit4]    > Throwable #1: java.lang.AssertionError: expected:<1082> but was:<1000>
   [junit4]    >        at __randomizedtesting.SeedInfo.seed([C0154BFB98528228:9C9B8720823B3786]:0)
   [junit4]    >        at org.apache.lucene.search.TestSearchAfter.assertPage(TestSearchAfter.java:268)
   [junit4]    >        at org.apache.lucene.search.TestSearchAfter.assertQuery(TestSearchAfter.java:260)
   [junit4]    >        at org.apache.lucene.search.TestSearchAfter.testQueries(TestSearchAfter.java:183)
   [junit4]    >        at java.lang.Thread.run(Thread.java:748)
   [junit4]   2> NOTE: test params are: codec=CheapBastard, sim=Asserting(org.apache.lucene.search.similarities.AssertingSimilarity@6f9a6df3), locale=sr-ME, timezone=Africa/Timbuktu
   [junit4]   2> NOTE: Linux 4.4.0-137-generic amd64/Oracle Corporation 1.8.0_191 (64-bit)/cpus=4,threads=1,free=174481080,total=519045120
Status:
RESOLVED
Priority:
Major
Resolution:
Fixed
Affects_version:
None
Fix_version:
8.0
Component:
None
Label:
None
Environment:

Attachment number:
0
Assignee:
Unassigned
Reporter:
Steve Rowe
Create date:
31/Dec/18 15:24
Update date:
02/Jan/19 18:23
Resolved date:
02/Jan/19 08:40
