Summary:
Non-reproducible TestICUTokenizerCJK failure
Description:
TestICUTokenizerCJK.testRandomHugeStrings -seed 3D1F79CAB506E300
It hit this failure during distributed beasting:
FAILURE: org.apache.lucene.analysis.icu.segmentation.TestICUTokenizerCJK on host 10.17.4.101
java.lang.RuntimeException: some thread(s) failed
 at org.apache.lucene.analysis.BaseTokenStreamTestCase.checkRandomData(BaseTokenStreamTestCase.java:533)
 at org.apache.lucene.analysis.BaseTokenStreamTestCase.checkRandomData(BaseTokenStreamTestCase.java:435)
 at org.apache.lucene.analysis.icu.segmentation.TestICUTokenizerCJK.testRandomHugeStrings(TestICUTokenizerCJK.java:89)
 at sun.reflect.NativeMethodAccessorImpl.invoke0(Native Method)
 at sun.reflect.NativeMethodAccessorImpl.invoke(NativeMethodAccessorImpl.java:57)
 at sun.reflect.DelegatingMethodAccessorImpl.invoke(DelegatingMethodAccessorImpl.java:43)
 at java.lang.reflect.Method.invoke(Method.java:606)
 at com.carrotsearch.randomizedtesting.RandomizedRunner.invoke(RandomizedRunner.java:1618)
 at com.carrotsearch.randomizedtesting.RandomizedRunner$6.evaluate(RandomizedRunner.java:827)
 at com.carrotsearch.randomizedtesting.RandomizedRunner$7.evaluate(RandomizedRunner.java:863)
 at com.carrotsearch.randomizedtesting.RandomizedRunner$8.evaluate(RandomizedRunner.java:877)
 at org.apache.lucene.util.TestRuleSetupTeardownChained$1.evaluate(TestRuleSetupTeardownChained.java:50)
 at org.apache.lucene.util.TestRuleFieldCacheSanity$1.evaluate(TestRuleFieldCacheSanity.java:51)
 at org.apache.lucene.util.AbstractBeforeAfterRule$1.evaluate(AbstractBeforeAfterRule.java:46)
 at com.carrotsearch.randomizedtesting.rules.SystemPropertiesInvariantRule$1.evaluate(SystemPropertiesInvariantRule.java:55)
 at org.apache.lucene.util.TestRuleThreadAndTestName$1.evaluate(TestRuleThreadAndTestName.java:49)
 at org.apache.lucene.util.TestRuleIgnoreAfterMaxFailures$1.evaluate(TestRuleIgnoreAfterMaxFailures.java:65)
 at org.apache.lucene.util.TestRuleMarkFailure$1.evaluate(TestRuleMarkFailure.java:48)
 at com.carrotsearch.randomizedtesting.rules.StatementAdapter.evaluate(StatementAdapter.java:36)
 at com.carrotsearch.randomizedtesting.ThreadLeakControl$StatementRunner.run(ThreadLeakControl.java:360)
 at com.carrotsearch.randomizedtesting.ThreadLeakControl.forkTimeoutingTask(ThreadLeakControl.java:793)
 at com.carrotsearch.randomizedtesting.ThreadLeakControl$3.evaluate(ThreadLeakControl.java:453)
 at com.carrotsearch.randomizedtesting.RandomizedRunner.runSingleTest(RandomizedRunner.java:836)
 at com.carrotsearch.randomizedtesting.RandomizedRunner$3.evaluate(RandomizedRunner.java:738)
 at com.carrotsearch.randomizedtesting.RandomizedRunner$4.evaluate(RandomizedRunner.java:772)
 at com.carrotsearch.randomizedtesting.RandomizedRunner$5.evaluate(RandomizedRunner.java:783)
 at org.apache.lucene.util.AbstractBeforeAfterRule$1.evaluate(AbstractBeforeAfterRule.java:46)
 at org.apache.lucene.util.TestRuleStoreClassName$1.evaluate(TestRuleStoreClassName.java:42)
 at com.carrotsearch.randomizedtesting.rules.SystemPropertiesInvariantRule$1.evaluate(SystemPropertiesInvariantRule.java:55)
 at com.carrotsearch.randomizedtesting.rules.NoShadowingOrOverridesOnMethodsRule$1.evaluate(NoShadowingOrOverridesOnMethodsRule.java:39)
 at com.carrotsearch.randomizedtesting.rules.NoShadowingOrOverridesOnMethodsRule$1.evaluate(NoShadowingOrOverridesOnMethodsRule.java:39)
 at com.carrotsearch.randomizedtesting.rules.StatementAdapter.evaluate(StatementAdapter.java:36)
 at org.apache.lucene.util.TestRuleAssertionsRequired$1.evaluate(TestRuleAssertionsRequired.java:43)
 at org.apache.lucene.util.TestRuleMarkFailure$1.evaluate(TestRuleMarkFailure.java:48)
 at org.apache.lucene.util.TestRuleIgnoreAfterMaxFailures$1.evaluate(TestRuleIgnoreAfterMaxFailures.java:65)
 at org.apache.lucene.util.TestRuleIgnoreTestSuites$1.evaluate(TestRuleIgnoreTestSuites.java:55)
 at com.carrotsearch.randomizedtesting.rules.StatementAdapter.evaluate(StatementAdapter.java:36)
 at com.carrotsearch.randomizedtesting.ThreadLeakControl$StatementRunner.run(ThreadLeakControl.java:360)
 at java.lang.Thread.run(Thread.java:724)

Caused by: java.lang.ArrayIndexOutOfBoundsException: -1
 at __randomizedtesting.SeedInfo.seed([3D1F79CAB506E300]:0)
 at com.ibm.icu.text.UnicodeSet.findCodePoint(UnicodeSet.java:1645)
 at com.ibm.icu.text.UnicodeSet.contains(UnicodeSet.java:1615)
 at com.ibm.icu.text.UnhandledBreakEngine.handles(UnhandledBreakEngine.java:28)
 at com.ibm.icu.text.RuleBasedBreakIterator.getEngineFor(RuleBasedBreakIterator.java:1012)
 at com.ibm.icu.text.RuleBasedBreakIterator.handleNext(RuleBasedBreakIterator.java:1085)
 at com.ibm.icu.text.RuleBasedBreakIterator.next(RuleBasedBreakIterator.java:449)
 at org.apache.lucene.analysis.icu.segmentation.BreakIteratorWrapper$RBBIWrapper.next(BreakIteratorWrapper.java:96)
 at org.apache.lucene.analysis.icu.segmentation.CompositeBreakIterator.next(CompositeBreakIterator.java:65)
 at org.apache.lucene.analysis.icu.segmentation.ICUTokenizer.incrementTokenBuffer(ICUTokenizer.java:209)
 at org.apache.lucene.analysis.icu.segmentation.ICUTokenizer.incrementToken(ICUTokenizer.java:103)
 at org.apache.lucene.analysis.BaseTokenStreamTestCase.checkAnalysisConsistency(BaseTokenStreamTestCase.java:699)
 at org.apache.lucene.analysis.BaseTokenStreamTestCase.checkRandomData(BaseTokenStreamTestCase.java:610)
 at org.apache.lucene.analysis.BaseTokenStreamTestCase.access$000(BaseTokenStreamTestCase.java:59)
 at org.apache.lucene.analysis.BaseTokenStreamTestCase$AnalysisThread.run(BaseTokenStreamTestCase.java:481)
But I can't repro even under beasting...
Status:
CLOSED
Priority:
Major
Resolution:
Fixed
Affects_version:
6.0
Fix_version:
7.3
Component:
modules/analysis
Label:
None
Environment:

Attachment number:
0
Assignee:
Unassigned
Reporter:
Michael McCandless
Create date:
04/Apr/14 13:44
Update date:
04/Apr/18 21:51
Resolved date:
27/Feb/18 20:10
