Summary:
TestAutoPrefixTerms.testBinaryNumericRanges failure
Description:
My Jenkins found the following seed on lucene_solr_5_3, but it also reproduces on trunk and branch_5x:
   [junit4] Suite: org.apache.lucene.codecs.autoprefix.TestAutoPrefixTerms
   [junit4]   2> NOTE: reproduce with: ant test  -Dtestcase=TestAutoPrefixTerms -Dtests.method=testBinaryNumericRanges -Dtests.seed=3B0E81E508A4A9 -Dtests.slow=true -Dtests.locale=es -Dtests.timezone=Kwajalein -Dtests.asserts=true -Dtests.file.encoding=US-ASCII
   [junit4] FAILURE 1.46s | TestAutoPrefixTerms.testBinaryNumericRanges <<<
   [junit4]    > Throwable #1: java.lang.AssertionError: totTermCount=17 is > allowedMaxTerms=16
   [junit4]    >  at __randomizedtesting.SeedInfo.seed([3B0E81E508A4A9:AE5C77E440454DBB]:0)
   [junit4]    >  at org.apache.lucene.codecs.autoprefix.TestAutoPrefixTerms$VerifyAutoPrefixTerms.finish(TestAutoPrefixTerms.java:577)
   [junit4]    >  at org.apache.lucene.codecs.autoprefix.TestAutoPrefixTerms.testBinaryNumericRanges(TestAutoPrefixTerms.java:318)
   [junit4]    >  at java.lang.Thread.run(Thread.java:745)
   [junit4]   2> NOTE: test params are: codec=Asserting(Lucene53): {}, docValues:{}, sim=RandomSimilarityProvider(queryNorm=true,coord=crazy): {}, locale=es, timezone=Kwajalein
   [junit4]   2> NOTE: Mac OS X 10.10.4 x86_64/Oracle Corporation 1.8.0_20 (64-bit)/cpus=8,threads=1,free=207523744,total=257425408
   [junit4]   2> NOTE: All tests run in this JVM: [TestAutoPrefixTerms]
   [junit4] Completed [1/1] in 2.00s, 1 test, 1 failure <<< FAILURES!
Status:
CLOSED
Priority:
Major
Resolution:
Fixed
Affects_version:
5.3, 5.4, 6.0
Fix_version:
5.4, 6.0
Component:
core/codecs
Label:
None
Environment:

Attachment number:
0
Assignee:
Michael McCandless
Reporter:
Steve Rowe
Create date:
13/Aug/15 13:46
Update date:
09/May/16 18:37
Resolved date:
22/Sep/15 15:52
