Summary:
TestLatLonPointQueries.testRectBoundariesAreInclusive() failure
Description:
My Jenkins found a reproducible seed:
   [junit4] Suite: org.apache.lucene.search.TestLatLonPointQueries
   [junit4] IGNOR/A 0.02s J0 | TestLatLonPointQueries.testRandomDistanceHuge
   [junit4]    > Assumption #1: 'nightly' test group is disabled (@Nightly())
   [junit4] IGNOR/A 0.00s J0 | TestLatLonPointQueries.testRandomBig
   [junit4]    > Assumption #1: 'nightly' test group is disabled (@Nightly())
   [junit4]   2> NOTE: download the large Jenkins line-docs file by running 'ant get-jenkins-line-docs' in the lucene directory.
   [junit4]   2> NOTE: reproduce with: ant test  -Dtestcase=TestLatLonPointQueries -Dtests.method=testRectBoundariesAreInclusive -Dtests.seed=EEC4419BB66F4EDB -Dtests.slow=true -Dtests.linedocsfile=/home/jenkins/lucene-data/enwiki.random.lines.txt -Dtests.locale=nl-NL -Dtests.timezone=America/Recife -Dtests.asserts=true -Dtests.file.encoding=ISO-8859-1
   [junit4] FAILURE 0.01s J0 | TestLatLonPointQueries.testRectBoundariesAreInclusive <<<
   [junit4]    > Throwable #1: java.lang.AssertionError: expected:<0> but was:<2>
   [junit4]    >  at __randomizedtesting.SeedInfo.seed([EEC4419BB66F4EDB:C6BD9F94DB89BDC0]:0)
   [junit4]    >  at org.apache.lucene.spatial.util.BaseGeoPointTestCase.testRectBoundariesAreInclusive(BaseGeoPointTestCase.java:1276)
   [junit4]    >  at java.lang.Thread.run(Thread.java:745)
   [junit4]   2> NOTE: test params are: codec=HighCompressionCompressingStoredFields(storedFieldsFormat=CompressingStoredFieldsFormat(compressionMode=HIGH_COMPRESSION, chunkSize=10, maxDocsPerChunk=380, blockSize=9), termVectorsFormat=CompressingTermVectorsFormat(compressionMode=HIGH_COMPRESSION, chunkSize=10, blockSize=9)), sim=ClassicSimilarity, locale=nl-NL, timezone=America/Recife
   [junit4]   2> NOTE: Linux 4.1.0-custom2-amd64 amd64/Oracle Corporation 1.8.0_77 (64-bit)/cpus=16,threads=1,free=397199256,total=522190848
   [junit4]   2> NOTE: All tests run in this JVM: [TestLatLonPointQueries]
   [junit4] Completed [16/16 (1!)] on J0 in 16.62s, 40 tests, 1 failure, 2 skipped <<< FAILURES!
Status:
RESOLVED
Priority:
Major
Resolution:
Fixed
Affects_version:
6.0
Fix_version:
None
Component:
modules/sandbox
Label:
None
Environment:

Attachment number:
0
Assignee:
Unassigned
Reporter:
Steve Rowe
Create date:
12/Apr/16 13:17
Update date:
07/Mar/18 15:24
Resolved date:
12/Apr/16 13:30
