Summary:
heatmap bug causing InvalidShapeException
Description:
From a CI test failure:
Build: https://builds.apache.org/job/Lucene-Solr-NightlyTests-5.x/1003/
1 tests failed.
FAILED:  org.apache.lucene.spatial.prefix.HeatmapFacetCounterTest.testRandom {#11 seed=[D30126801503C858:4E8BBD0E05B60CEF]}

Error Message:
maxY must be >= minY: -23.184599227870876 to -23.18459922787088

Stack Trace:
com.spatial4j.core.exception.InvalidShapeException: maxY must be >= minY: -23.184599227870876 to -23.18459922787088
        at __randomizedtesting.SeedInfo.seed([D30126801503C858:4E8BBD0E05B60CEF]:0)
        at com.spatial4j.core.context.SpatialContext.makeRectangle(SpatialContext.java:218)
        at org.apache.lucene.spatial.SpatialTestCase.randomRectangle(SpatialTestCase.java:175)
        at org.apache.lucene.spatial.prefix.HeatmapFacetCounterTest.queryHeatmapRecursive(HeatmapFacetCounterTest.java:207)
        at org.apache.lucene.spatial.prefix.HeatmapFacetCounterTest.queryHeatmapRecursive(HeatmapFacetCounterTest.java:207)
        at org.apache.lucene.spatial.prefix.HeatmapFacetCounterTest.queryHeatmapRecursive(HeatmapFacetCounterTest.java:207)
        at org.apache.lucene.spatial.prefix.HeatmapFacetCounterTest.testRandom(HeatmapFacetCounterTest.java:169)
Status:
CLOSED
Priority:
Major
Resolution:
Fixed
Affects_version:
None
Fix_version:
5.5
Component:
modules/spatial
Label:
None
Environment:

Attachment number:
0
Assignee:
David Smiley
Reporter:
David Smiley
Create date:
01/Nov/15 03:52
Update date:
23/Feb/16 10:40
Resolved date:
17/Jan/16 04:42
