Summary:
java.lang.NoClassDefFoundError: org/apache/lucene/codecs/lucene54/Lucene54Codec
Description:
-------------------------------------------------------------------------------
Test set: org.apache.lucene.analysis.ar.TestArabicAnalyzer
-------------------------------------------------------------------------------
Tests run: 1, Failures: 0, Errors: 1, Skipped: 0, Time elapsed: 0.159 sec <<< FAILURE! - in org.apache.lucene.analysis.ar.TestArabicAnalyzer
org.apache.lucene.analysis.ar.TestArabicAnalyzer Time elapsed: 0.156 sec <<< ERROR!
java.lang.NoClassDefFoundError: org/apache/lucene/codecs/lucene54/Lucene54Codec
at org.apache.lucene.util.LuceneTestCase.<clinit>(LuceneTestCase.java:606)
at java.lang.Class.forName0(Native Method)
at java.lang.Class.forName(Unknown Source)
at com.carrotsearch.randomizedtesting.RandomizedRunner$2.run(RandomizedRunner.java:581)
Caused by: java.lang.ClassNotFoundException: org.apache.lucene.codecs.lucene54.Lucene54Codec
at java.net.URLClassLoader.findClass(Unknown Source)
at java.lang.ClassLoader.loadClass(Unknown Source)
at sun.misc.Launcher$AppClassLoader.loadClass(Unknown Source)
at java.lang.ClassLoader.loadClass(Unknown Source)
at org.apache.lucene.util.LuceneTestCase.<clinit>(LuceneTestCase.java:606)
at java.lang.Class.forName0(Native Method)
at java.lang.Class.forName(Unknown Source)
at com.carrotsearch.randomizedtesting.RandomizedRunner$2.run(RandomizedRunner.java:581)
Status:
CLOSED
Priority:
Major
Resolution:
Not A Problem
Affects_version:
5.3
Fix_version:
None
Component:
-tools
Label:
None
Environment:
maven
Attachment number:
0
Assignee:
Unassigned
Reporter:
Martin Gainty
Create date:
03/Nov/15 11:23
Update date:
01/May/17 13:50
Resolved date:
01/May/17 13:49
