Summary:
Dtest: Windows-specific failure: sc_with_row_cache_test (super_column_cache_test.TestSCCache)
Description:
Windows-specific dtest failure:
failure message
======================================================================
FAIL: sc_with_row_cache_test (super_column_cache_test.TestSCCache)
----------------------------------------------------------------------
Traceback (most recent call last):
  File "C:\src\cassandra-dtest\super_column_cache_test.py", line 44, in sc_with_row_cache_test
    assert_columns(cli, ['name'])
  File "C:\src\cassandra-dtest\super_column_cache_test.py", line 10, in assert_columns
    assert not cli.has_errors(), cli.errors()
AssertionError: 'org.apache.thrift.transport.TTransportException: java.net.ConnectException: Connection refused: connect\r\n\tat org.apache.thrift.transport.TSocket.open(TSocket.java:185)\r\n\tat org.apache.thrift.transport.TFramedTransport.open(TFramedTransport.java:81)\r\n\tat org.apache.cassandra.thrift.TFramedTransportFactory.openTransport(TFramedTransportFactory.java:41)\r\n\tat org.apache.cassandra.cli.CliMain.connect(CliMain.java:65)\r\n\tat org.apache.cassandra.cli.CliMain.main(CliMain.java:237)\r\nCaused by: java.net.ConnectException: Connection refused: connect\r\n\tat java.net.DualStackPlainSocketImpl.connect0(Native Method)\r\n\tat java.net.DualStackPlainSocketImpl.socketConnect(DualStackPlainSocketImpl.java:79)\r\n\tat java.net.AbstractPlainSocketImpl.doConnect(AbstractPlainSocketImpl.java:339)\r\n\tat java.net.AbstractPlainSocketImpl.connectToAddress(AbstractPlainSocketImpl.java:200)\r\n\tat java.net.AbstractPlainSocketImpl.connect(AbstractPlainSocketImpl.java:182)\r\n\tat java.net.PlainSocketImpl.connect(PlainSocketImpl.java:172)\r\n\tat java.net.SocksSocketImpl.connect(SocksSocketImpl.java:392)\r\n\tat java.net.Socket.connect(Socket.java:579)\r\n\tat org.apache.thrift.transport.TSocket.open(TSocket.java:180)\r\n\t... 4 more\r\nException connecting to 127.0.0.1/9160. Reason: Connection refused: connect.\r\n'
Status:
RESOLVED
Priority:
Low
Resolution:
Fixed
Affects_version:

Fix_version:
None
Component:
Test/dtest
Label:
Windows
Environment:
windows 7
Attachment number:
0
Assignee:
Philip Thompson
Reporter:
Joshua McKenzie
Create date:
30/Jun/14 17:02
Update date:
16/Apr/19 09:31
Resolved date:
16/Jun/15 15:32
