Summary:
RecoveryManagerTruncateTest fails in test-compression
Description:
$ ant test-compression -Dtest.name=RecoveryManagerTruncateTest
...
    [junit] Testsuite: org.apache.cassandra.db.RecoveryManagerTruncateTest
    [junit] Tests run: 3, Failures: 1, Errors: 0, Skipped: 0, Time elapsed: 9.221 sec
    [junit] 
    [junit] Testcase: testTruncatePointInTimeReplayList(org.apache.cassandra.db.RecoveryManagerTruncateTest):   FAILED
    [junit] 
    [junit] junit.framework.AssertionFailedError: 
    [junit]     at org.apache.cassandra.db.RecoveryManagerTruncateTest.testTruncatePointInTimeReplayList(RecoveryManagerTruncateTest.java:159)
    [junit] 
    [junit] 
    [junit] Test org.apache.cassandra.db.RecoveryManagerTruncateTest FAILED
system.log from just this failed test attached.
Status:
RESOLVED
Priority:
Normal
Resolution:
Fixed
Affects_version:

Fix_version:
2.1.12
Component:
Legacy/Testing
Label:
None
Environment:

Attachment number:
0
Assignee:
Ariel Weisberg
Reporter:
Michael Shuler
Create date:
11/May/15 23:15
Update date:
16/Apr/19 09:31
Resolved date:
23/Nov/15 17:18
