Summary:
unit test failing under long-test
Description:
the following failure occurs when running ant long-test
junit] Testsuite: org.apache.cassandra.db.compaction.LongCompactionsTest
[junit] Tests run: 5, Failures: 1, Errors: 0, Time elapsed: 31.28 sec
[junit]
[junit] ------------- Standard Output ---------------
[junit] org.apache.cassandra.db.compaction.LongCompactionsTest: sstables=2 rowsper=1 colsper=200000: 2173 ms
[junit] org.apache.cassandra.db.compaction.LongCompactionsTest: sstables=2 rowsper=200000 colsper=1: 4531 ms
[junit] org.apache.cassandra.db.compaction.LongCompactionsTest: sstables=100 rowsper=800 colsper=5: 1864 ms
[junit] ------------- ---------------- ---------------
[junit] Testcase: testStandardColumnCompactions(org.apache.cassandra.db.compaction.LongCompactionsTest): FAILED
[junit] expected:<9> but was:<99>
[junit] junit.framework.AssertionFailedError: expected:<9> but was:<99>
[junit] at org.apache.cassandra.db.compaction.CompactionsTest.assertMaxTimestamp(CompactionsTest.java:207)
[junit] at org.apache.cassandra.db.compaction.LongCompactionsTest.testStandardColumnCompactions(LongCompactionsTest.java:141)
[junit]
[junit]
[junit] Test org.apache.cassandra.db.compaction.LongCompactionsTest FAILED
Status:
RESOLVED
Priority:
Low
Resolution:
Fixed
Affects_version:

Fix_version:
1.2.0 beta 2
Component:
Legacy/Testing
Label:
None
Environment:

Attachment number:
0
Assignee:
Yuki Morishita
Reporter:
Bill Bucher
Create date:
15/Oct/12 20:59
Update date:
16/Apr/19 09:32
Resolved date:
16/Oct/12 16:47
