Summary:
Unit tests failures in 1.1
Description:
On the current 1.1 branch I get the following errors:
SSTableImportTest:
[junit] Testcase: testImportSimpleCf(org.apache.cassandra.tools.SSTableImportTest): Caused an ERROR
[junit] java.lang.Integer cannot be cast to java.lang.Long
[junit] java.lang.ClassCastException: java.lang.Integer cannot be cast to java.lang.Long
[junit]  at org.apache.cassandra.tools.SSTableImport$JsonColumn.<init>(SSTableImport.java:132)
[junit]  at org.apache.cassandra.tools.SSTableImport.addColumnsToCF(SSTableImport.java:191)
[junit]  at org.apache.cassandra.tools.SSTableImport.addToStandardCF(SSTableImport.java:174)
[junit]  at org.apache.cassandra.tools.SSTableImport.importUnsorted(SSTableImport.java:290)
[junit]  at org.apache.cassandra.tools.SSTableImport.importJson(SSTableImport.java:255)
[junit]  at org.apache.cassandra.tools.SSTableImportTest.testImportSimpleCf(SSTableImportTest.java:60)
CompositeTypeTest:
[junit] Testcase: testCompatibility(org.apache.cassandra.db.marshal.CompositeTypeTest): Caused an ERROR
[junit] Invalid comparator class org.apache.cassandra.db.marshal.CompositeType: must define a public static instance field or a public static method getInstance(TypeParser).
[junit] org.apache.cassandra.config.ConfigurationException: Invalid comparator class org.apache.cassandra.db.marshal.CompositeType: must define a public static instance field or a public static method getInstance(TypeParser).
[junit]  at org.apache.cassandra.db.marshal.TypeParser.getRawAbstractType(TypeParser.java:294)
[junit]  at org.apache.cassandra.db.marshal.TypeParser.getAbstractType(TypeParser.java:268)
[junit]  at org.apache.cassandra.db.marshal.TypeParser.parse(TypeParser.java:81)
[junit]  at org.apache.cassandra.db.marshal.CompositeTypeTest.testCompatibility(CompositeTypeTest.java:216)
DefsTest:
[junit] Testcase: testUpdateColumnFamilyNoIndexes(org.apache.cassandra.db.DefsTest): FAILED
[junit] Should have blown up when you used a different comparator.
[junit] junit.framework.AssertionFailedError: Should have blown up when you used a different comparator.
[junit]  at org.apache.cassandra.db.DefsTest.testUpdateColumnFamilyNoIndexes(DefsTest.java:539)
CompactSerializerTest:
[junit] null
[junit] java.lang.ExceptionInInitializerError
[junit]  at org.apache.cassandra.db.SystemTable.getCurrentLocalNodeId(SystemTable.java:437)
[junit]  at org.apache.cassandra.utils.NodeId$LocalNodeIdHistory.<init>(NodeId.java:195)
[junit]  at org.apache.cassandra.utils.NodeId$LocalIds.<clinit>(NodeId.java:43)
[junit]  at java.lang.Class.forName0(Native Method)
[junit]  at java.lang.Class.forName(Class.java:169)
[junit]  at org.apache.cassandra.io.CompactSerializerTest$1DirScanner.scan(CompactSerializerTest.java:96)
[junit]  at org.apache.cassandra.io.CompactSerializerTest$1DirScanner.scan(CompactSerializerTest.java:87)
[junit]  at org.apache.cassandra.io.CompactSerializerTest$1DirScanner.scan(CompactSerializerTest.java:87)
[junit]  at org.apache.cassandra.io.CompactSerializerTest$1DirScanner.scan(CompactSerializerTest.java:87)
[junit]  at org.apache.cassandra.io.CompactSerializerTest$1DirScanner.scan(CompactSerializerTest.java:87)
[junit]  at org.apache.cassandra.io.CompactSerializerTest$1DirScanner.scan(CompactSerializerTest.java:87)
[junit]  at org.apache.cassandra.io.CompactSerializerTest.scanClasspath(CompactSerializerTest.java:129)
[junit] Caused by: java.lang.NullPointerException
[junit]  at org.apache.cassandra.config.DatabaseDescriptor.createAllDirectories(DatabaseDescriptor.java:574)
[junit]  at org.apache.cassandra.db.Table.<clinit>(Table.java:82)
There is also some error RemoveSubColumnTest and RemoveSubColumnTest but I'll open a separate ticket for those as they may require a bit more discussion.
Status:
RESOLVED
Priority:
Normal
Resolution:
Fixed
Affects_version:

Fix_version:
1.1.0
Component:
None
Label:
None
Environment:

Attachment number:
0
Assignee:
Brandon Williams
Reporter:
Sylvain Lebresne
Create date:
06/Feb/12 19:09
Update date:
16/Apr/19 09:32
Resolved date:
15/Feb/12 15:14
