Summary:
assertion failure in leveled compaction test
Description:
It's somewhat rare, but I'm regularly seeing this failure on trunk:
    [junit] Testcase: testValidationMultipleSSTablePerLevel(org.apache.cassandra.db.compaction.LeveledCompactionStrategyTest): FAILED
    [junit] null
    [junit] junit.framework.AssertionFailedError
    [junit]  at org.apache.cassandra.db.compaction.LeveledCompactionStrategyTest.testValidationMultipleSSTablePerLevel(LeveledCompactionStrategyTest.java:78)
    [junit] 
    [junit] 
    [junit] Test org.apache.cassandra.db.compaction.LeveledCompactionStrategyTest FAILED
I suspect there's a deeper problem, since this is a pretty fundamental assertion.
Status:
RESOLVED
Priority:
Normal
Resolution:
Fixed
Affects_version:

Fix_version:
1.1.7, 1.2.0
Component:
None
Label:
lcs
Environment:

Attachment number:
0
Assignee:
Yuki Morishita
Reporter:
Brandon Williams
Create date:
12/Oct/12 14:47
Update date:
16/Apr/19 09:32
Resolved date:
16/Oct/12 14:41
