Summary:
JDK 1.8 build fails in TestTTFParser
Description:
I installed JDK 1.8 and now the build fails because one of the tests fail:
Tests run: 1, Failures: 1, Errors: 0, Skipped: 0, Time elapsed: 0.278 sec <<< FAILURE!
testPostTable(org.apache.pdfbox.pdmodel.font.TestTTFParser) Time elapsed: 0.155 sec <<< FAILURE!
junit.framework.ComparisonFailure: expected:<parenright[bigg]> but was:<parenright[]>
Did anybody else install JDK 1.8?
Status:
CLOSED
Priority:
Major
Resolution:
Fixed
Affects_version:
2.0.0
Fix_version:
2.0.0
Component:
None
Label:
JDK1.8
Environment:

Attachment number:
0
Assignee:
Unassigned
Reporter:
Tilman Hausherr
Create date:
27/Mar/14 21:02
Update date:
17/Mar/16 19:07
Resolved date:
14/Oct/14 07:12
