Summary:
A failure in building pdfbox from the source
Description:
Hi
I can't build pdfbox source by Maven.
It gave me this failure and so the final jar file is not built in ./app/target/ .
Test set: org.apache.jempbox.xmp.XMPSchemaTest
------------------------------------
Tests run: 8, Failures: 1, Errors: 0, Skipped: 0, Time elapsed: 0.093
sec <<< FAILURE!
testDateList(org.apache.jempbox.xmp.XMPSchemaTest) Time elapsed:
0.005 sec <<< FAILURE!
junit.framework.AssertionFailedError: expected:<12600000> but was:<10860000>
at junit.framework.Assert.fail(Assert.java:47)
at junit.framework.Assert.failNotEquals(Assert.java:283)
at junit.framework.Assert.assertEquals(Assert.java:64)
Status:
CLOSED
Priority:
Major
Resolution:
Cannot Reproduce
Affects_version:
None
Fix_version:
None
Component:
None
Label:
build maven
Environment:

Attachment number:
0
Assignee:
Andreas Lehmk√ºhler
Reporter:
Ahmad Ajiloo
Create date:
03/Nov/11 07:51
Update date:
15/Jun/13 12:56
Resolved date:
15/Jun/13 12:56
