Summary:
TestHLogRecordReader does not compile against Hadoop 2
Description:
See https://builds.apache.org/job/HBase-TRUNK-on-Hadoop-23/144/console
I see this trying to compile against branch 2 also.
[ERROR] Failed to execute goal org.apache.maven.plugins:maven-compiler-plugin:2.0.2:testCompile (default-testCompile) on project hbase: Compilation failure: Compilation failure:
[ERROR] /home/jenkins/jenkins-slave/workspace/HBase-TRUNK-on-Hadoop-23/trunk/src/test/java/org/apache/hadoop/hbase/HBaseTestingUtility.java:[1333,35] cannot find symbol
[ERROR] symbol  : method getJobTracker()
[ERROR] location: class org.apache.hadoop.mapred.MiniMRCluster.JobTrackerRunner
[ERROR] 
[ERROR] /home/jenkins/jenkins-slave/workspace/HBase-TRUNK-on-Hadoop-23/trunk/src/test/java/org/apache/hadoop/hbase/mapreduce/TestHLogRecordReader.java:[147,46] org.apache.hadoop.mapreduce.JobContext is abstract; cannot be instantiated
[ERROR] 
[ERROR] /home/jenkins/jenkins-slave/workspace/HBase-TRUNK-on-Hadoop-23/trunk/src/test/java/org/apache/hadoop/hbase/mapreduce/TestHLogRecordReader.java:[153,29] org.apache.hadoop.mapreduce.JobContext is abstract; cannot be instantiated
[ERROR] 
[ERROR] /home/jenkins/jenkins-slave/workspace/HBase-TRUNK-on-Hadoop-23/trunk/src/test/java/org/apache/hadoop/hbase/mapreduce/TestHLogRecordReader.java:[194,46] org.apache.hadoop.mapreduce.JobContext is abstract; cannot be instantiated
[ERROR] 
[ERROR] /home/jenkins/jenkins-slave/workspace/HBase-TRUNK-on-Hadoop-23/trunk/src/test/java/org/apache/hadoop/hbase/mapreduce/TestHLogRecordReader.java:[206,29] org.apache.hadoop.mapreduce.JobContext is abstract; cannot be instantiated
[ERROR] 
[ERROR] /home/jenkins/jenkins-slave/workspace/HBase-TRUNK-on-Hadoop-23/trunk/src/test/java/org/apache/hadoop/hbase/mapreduce/TestHLogRecordReader.java:[213,29] org.apache.hadoop.mapreduce.JobContext is abstract; cannot be instantiated
[ERROR] 
[ERROR] /home/jenkins/jenkins-slave/workspace/HBase-TRUNK-on-Hadoop-23/trunk/src/test/java/org/apache/hadoop/hbase/mapreduce/TestHLogRecordReader.java:[226,29] org.apache.hadoop.mapreduce.TaskAttemptContext is abstract; cannot be instantiated
Status:
RESOLVED
Priority:
Major
Resolution:
Duplicate
Affects_version:
0.94.0, 0.95.2
Fix_version:
None
Component:
None
Label:
None
Environment:

Attachment number:
0
Assignee:
Unassigned
Reporter:
Andrew Purtell
Create date:
17/Apr/12 14:28
Update date:
23/Apr/12 21:01
Resolved date:
23/Apr/12 21:01
