Summary:
TestAcidGuarantees.testMixedAtomicity hangs sometimes
Description:
java.lang.RuntimeException: Deferred
at org.apache.hadoop.hbase.MultithreadedTestUtil$TestContext.checkException(MultithreadedTestUtil.java:76)
at org.apache.hadoop.hbase.MultithreadedTestUtil$TestContext.waitFor(MultithreadedTestUtil.java:69)
at org.apache.hadoop.hbase.TestAcidGuarantees.runTestAtomicity(TestAcidGuarantees.java:301)
at org.apache.hadoop.hbase.TestAcidGuarantees.runTestAtomicity(TestAcidGuarantees.java:244)
at org.apache.hadoop.hbase.TestAcidGuarantees.testMixedAtomicity(TestAcidGuarantees.java:343)
at sun.reflect.NativeMethodAccessorImpl.invoke0(Native Method)
at sun.reflect.NativeMethodAccessorImpl.invoke(NativeMethodAccessorImpl.java:39)
at sun.reflect.DelegatingMethodAccessorImpl.invoke(DelegatingMethodAccessorImpl.java:25)
at java.lang.reflect.Method.invoke(Method.java:597)
at org.junit.runners.model.FrameworkMethod$1.runReflectiveCall(FrameworkMethod.java:45)
at org.junit.internal.runners.model.ReflectiveCallable.run(ReflectiveCallable.java:15)
at org.junit.runners.model.FrameworkMethod.invokeExplosively(FrameworkMethod.java:42)
at org.junit.internal.runners.statements.InvokeMethod.evaluate(InvokeMethod.java:20)
at org.junit.rules.TestWatcher$1.evaluate(TestWatcher.java:47)
at org.junit.rules.RunRules.evaluate(RunRules.java:18)
at org.junit.runners.ParentRunner.runLeaf(ParentRunner.java:263)
at org.junit.runners.BlockJUnit4ClassRunner.runChild(BlockJUnit4ClassRunner.java:68)
at org.junit.runners.BlockJUnit4ClassRunner.runChild(BlockJUnit4ClassRunner.java:47)
at org.junit.runners.ParentRunner$3.run(ParentRunner.java:231)
at org.junit.runners.ParentRunner$1.schedule(ParentRunner.java:60)
at org.junit.runners.ParentRunner.runChildren(ParentRunner.java:229)
at org.junit.runners.ParentRunner.access$000(ParentRunner.java:50)
at org.junit.runners.ParentRunner$2.evaluate(ParentRunner.java:222)
at org.junit.runners.ParentRunner.run(ParentRunner.java:300)
at org.junit.runners.Suite.runChild(Suite.java:128)
at org.junit.runners.Suite.runChild(Suite.java:24)
at org.junit.runners.ParentRunner$3.run(ParentRunner.java:231)
at java.util.concurrent.Executors$RunnableAdapter.call(Executors.java:441)
at java.util.concurrent.FutureTask$Sync.innerRun(FutureTask.java:303)
at java.util.concurrent.FutureTask.run(FutureTask.java:138)
at java.util.concurrent.ThreadPoolExecutor$Worker.runTask(ThreadPoolExecutor.java:886)
at java.util.concurrent.ThreadPoolExecutor$Worker.run(ThreadPoolExecutor.java:908)
at java.lang.Thread.run(Thread.java:662)
Caused by: org.apache.hadoop.ipc.RemoteException(org.apache.hadoop.hbase.NotServingRegionException): org.apache.hadoop.hbase.NotServingRegionException: Region is not online: TestAcidGuarantees,,1358888776964.317288e8ca738963ca5e273fc56750fd.
at org.apache.hadoop.hbase.regionserver.HRegionServer.getRegion(HRegionServer.java:3211)
at org.apache.hadoop.hbase.regionserver.HRegionServer.flushRegion(HRegionServer.java:2963)
at sun.reflect.GeneratedMethodAccessor35.invoke(Unknown Source)
at sun.reflect.DelegatingMethodAccessorImpl.invoke(DelegatingMethodAccessorImpl.java:25)
at java.lang.reflect.Method.invoke(Method.java:597)
at org.apache.hadoop.hbase.ipc.WritableRpcEngine$Server.call(WritableRpcEngine.java:364)
at org.apache.hadoop.hbase.ipc.HBaseServer$Handler.run(HBaseServer.java:1400)
at org.apache.hadoop.hbase.ipc.HBaseClient.call(HBaseClient.java:1021)
at org.apache.hadoop.hbase.ipc.WritableRpcEngine$Invoker.invoke(WritableRpcEngine.java:150)
at $Proxy23.flushRegion(Unknown Source)
at org.apache.hadoop.hbase.client.HBaseAdmin.flush(HBaseAdmin.java:1248)
at org.apache.hadoop.hbase.client.HBaseAdmin.flush(HBaseAdmin.java:1230)
at org.apache.hadoop.hbase.TestAcidGuarantees$1.doAnAction(TestAcidGuarantees.java:272)
at org.apache.hadoop.hbase.MultithreadedTestUtil$RepeatingTestThread.doWork(MultithreadedTestUtil.java:145)
at org.apache.hadoop.hbase.MultithreadedTestUtil$TestThread.run(MultithreadedTestUtil.java:121)
Status:
CLOSED
Priority:
Minor
Resolution:
Fixed
Affects_version:
None
Fix_version:
0.94.5, 0.95.0
Component:
test
Label:
None
Environment:

Attachment number:
0
Assignee:
Jimmy Xiang
Reporter:
Jimmy Xiang
Create date:
23/Jan/13 01:12
Update date:
26/Feb/13 08:27
Resolved date:
23/Jan/13 16:23
