Summary:
TestAsyncProcess#testFailAndSuccess & testThreadCreation are flaky on SUSE
Description:
When TestAsyncProcess runs on SUSE, the testFailAndSuccess & testThreadCreation fails intermittently with the following stack:
Error Trace for testFailAndSuccess
java.lang.AssertionError
 at org.junit.Assert.fail(Assert.java:86)
 at org.junit.Assert.assertTrue(Assert.java:41)
 at org.junit.Assert.assertTrue(Assert.java:52)
 at org.apache.hadoop.hbase.client.TestAsyncProcess.testFailAndSuccess(TestAsyncProcess.java:394)
Error trace for testThreadCreation
java.lang.AssertionError: expected:<1> but was:<2>
 at org.junit.Assert.fail(Assert.java:88)
 at org.junit.Assert.failNotEquals(Assert.java:743)
 at org.junit.Assert.assertEquals(Assert.java:118)
 at org.junit.Assert.assertEquals(Assert.java:555)
 at org.junit.Assert.assertEquals(Assert.java:542)
 at org.apache.hadoop.hbase.client.TestAsyncProcess.testThreadCreation(TestAsyncProcess.java:728)
Status:
CLOSED
Priority:
Minor
Resolution:
Fixed
Affects_version:
0.96.0
Fix_version:
0.98.0, 0.96.0
Component:
test
Label:
None
Environment:

Attachment number:
0
Assignee:
Jeffrey Zhong
Reporter:
Jeffrey Zhong
Create date:
07/Oct/13 21:14
Update date:
20/Nov/15 11:54
Resolved date:
09/Oct/13 17:59
