Summary:
TestAcidGuarantees failed on trunk
Description:
I've seen TestAcidGurantees fail with:
testGetAtomicity(org.apache.hadoop.hbase.IntegrationTestAcidGuaranteesWithChaosMonkey)  Time elapsed: 42.611 sec  <<< ERROR!
java.lang.RuntimeException: Deferred
  at org.apache.hadoop.hbase.MultithreadedTestUtil$TestContext.checkException(MultithreadedTestUtil.java:76)
  at org.apache.hadoop.hbase.MultithreadedTestUtil$TestContext.stop(MultithreadedTestUtil.java:103)
  at org.apache.hadoop.hbase.TestAcidGuarantees.runTestAtomicity(TestAcidGuarantees.java:298)
  at org.apache.hadoop.hbase.TestAcidGuarantees.runTestAtomicity(TestAcidGuarantees.java:248)
  at org.apache.hadoop.hbase.IntegrationTestAcidGuaranteesWithChaosMonkey.testGetAtomicity(IntegrationTestAcidGuaranteesWithChaosMonkey.java:58)
  at sun.reflect.NativeMethodAccessorImpl.invoke0(Native Method)
  at sun.reflect.NativeMethodAccessorImpl.invoke(NativeMethodAccessorImpl.java:39)
  at sun.reflect.DelegatingMethodAccessorImpl.invoke(DelegatingMethodAccessorImpl.java:25)
  at java.lang.reflect.Method.invoke(Method.java:597)
  at org.junit.runners.model.FrameworkMethod$1.runReflectiveCall(FrameworkMethod.java:45)
  at org.junit.internal.runners.model.ReflectiveCallable.run(ReflectiveCallable.java:15)
  at org.junit.runners.model.FrameworkMethod.invokeExplosively(FrameworkMethod.java:42)
  at org.junit.internal.runners.statements.InvokeMethod.evaluate(InvokeMethod.java:20)
  at org.junit.internal.runners.statements.RunBefores.evaluate(RunBefores.java:28)
  at org.junit.internal.runners.statements.RunAfters.evaluate(RunAfters.java:30)
  at org.junit.rules.TestWatcher$1.evaluate(TestWatcher.java:47)
  at org.junit.rules.RunRules.evaluate(RunRules.java:18)
  at org.junit.runners.ParentRunner.runLeaf(ParentRunner.java:263)
  at org.junit.runners.BlockJUnit4ClassRunner.runChild(BlockJUnit4ClassRunner.java:68)
  at org.junit.runners.BlockJUnit4ClassRunner.runChild(BlockJUnit4ClassRunner.java:47)
  at org.junit.runners.ParentRunner$3.run(ParentRunner.java:231)
  at org.junit.runners.ParentRunner$1.schedule(ParentRunner.java:60)
  at org.junit.runners.ParentRunner.runChildren(ParentRunner.java:229)
  at org.junit.runners.ParentRunner.access$000(ParentRunner.java:50)
  at org.junit.runners.ParentRunner$2.evaluate(ParentRunner.java:222)
  at org.junit.runners.ParentRunner.run(ParentRunner.java:300)
  at org.apache.maven.surefire.junit4.JUnit4Provider.execute(JUnit4Provider.java:234)
  at org.apache.maven.surefire.junit4.JUnit4Provider.executeTestSet(JUnit4Provider.java:133)
  at org.apache.maven.surefire.junit4.JUnit4Provider.invoke(JUnit4Provider.java:114)
  at sun.reflect.NativeMethodAccessorImpl.invoke0(Native Method)
  at sun.reflect.NativeMethodAccessorImpl.invoke(NativeMethodAccessorImpl.java:39)
  at sun.reflect.DelegatingMethodAccessorImpl.invoke(DelegatingMethodAccessorImpl.java:25)
  at java.lang.reflect.Method.invoke(Method.java:597)
  at org.apache.maven.surefire.util.ReflectionUtils.invokeMethodWithArray(ReflectionUtils.java:188)
  at org.apache.maven.surefire.booter.ProviderFactory$ProviderProxy.invoke(ProviderFactory.java:166)
  at org.apache.maven.surefire.booter.ProviderFactory.invokeProvider(ProviderFactory.java:86)
  at org.apache.maven.surefire.booter.ForkedBooter.runSuitesInProcess(ForkedBooter.java:101)
  at org.apache.maven.surefire.booter.ForkedBooter.main(ForkedBooter.java:74)
Caused by: java.lang.RuntimeException: Failed after 147200!Expected=\x1BT\xC0i\x0CW\x9B\x108\xA0Got:
test_row_0/A:col0/1343328428704/Put/vlen=10/ts=0 val= \x1BT\xC0i\x0CW\x9B\x108\xA0
test_row_0/A:col1/1343328428704/Put/vlen=10/ts=0 val= \x1BT\xC0i\x0CW\x9B\x108\xA0
test_row_0/A:col10/1343328428704/Put/vlen=10/ts=0 val= \x1BT\xC0i\x0CW\x9B\x108\xA0
...
test_row_0/B:col0/1343328425510/Put/vlen=10/ts=0 val= 4G\xE1T\x1B\xFDa\x98\xAC\xB6
test_row_0/B:col1/1343328425510/Put/vlen=10/ts=0 val= 4G\xE1T\x1B\xFDa\x98\xAC\xB6
test_row_0/B:col10/1343328425510/Put/vlen=10/ts=0 val= 
...
test_row_0/C:col0/1343328425510/Put/vlen=10/ts=0 val= 4G\xE1T\x1B\xFDa\x98\xAC\xB6
test_row_0/C:col1/1343328425510/Put/vlen=10/ts=0 val= 4G\xE1T\x1B\xFDa\x98\xAC\xB6
test_row_0/C:col10/1343328425510/Put/vlen=10/ts=0 val= 
Might be related to HBASE-2856, but haven't had the time to check the root cause. The flusher thread was on.
Status:
RESOLVED
Priority:
Major
Resolution:
Later
Affects_version:
0.95.2
Fix_version:
None
Component:
None
Label:
None
Environment:

Attachment number:
0
Assignee:
Unassigned
Reporter:
Enis Soztutar
Create date:
26/Jul/12 20:50
Update date:
08/Sep/15 16:37
Resolved date:
08/Sep/15 16:37
