Summary:
[maven] mvn install breaks running tests, it does not include hbase classes
Description:
In current trunk, mvn install is broke. Test compilation fails:
[INFO] [resources:testResources {execution: default-testResources}]
[INFO] Using 'UTF-8' encoding to copy filtered resources.
[INFO] Copying 4 resources
[INFO] [compiler:testCompile {execution: default-testCompile}]
[INFO] Compiling 101 source files to /Users/Stack/checkouts/trunk/core/target/test-classes
[INFO] -------------------------------------------------------------
[ERROR] COMPILATION ERROR :
[INFO] -------------------------------------------------------------
[ERROR] /Users/Stack/checkouts/trunk/core/src/test/java/org/apache/hadoop/hbase/io/hfile/TestSeekTo.java:[26,30] [deprecation] org.apache.hadoop.hbase.HBaseTestCase in org.apache.hadoop.hbase has been deprecated

[ERROR] /Users/Stack/checkouts/trunk/core/src/test/java/org/apache/hadoop/hbase/io/hfile/TestSeekTo.java:[27,35] cannot find symbol
symbol  : class Bytes
location: package org.apache.hadoop.hbase.util

[ERROR] /Users/Stack/checkouts/trunk/core/src/test/java/org/apache/hadoop/hbase/HBaseTestCase.java:[36,37] cannot find symbol
symbol  : class Delete
location: package org.apache.hadoop.hbase.client
...
It does not seem to be able to find hbase classes.
Status:
CLOSED
Priority:
Major
Resolution:
Invalid
Affects_version:
None
Fix_version:
0.90.0
Component:
None
Label:
None
Environment:

Attachment number:
0
Assignee:
Paul Smith
Reporter:
stack
Create date:
15/Mar/10 23:30
Update date:
20/Nov/15 12:42
Resolved date:
01/Jun/10 23:57
