Summary:
Fix compilation error against hadoop 0.23.1
Description:
From Mahadev:
I just checked out 0.92 branch and tried running:
mvn -Dhadoop.profile=23 clean test
-Dtest=org.apache.hadoop.hbase.mapreduce.TestTableMapReduce
Looks like a compilation issue:
------------
[ERROR] Failed to execute goal
org.apache.maven.plugins:maven-compiler-plugin:2.0.2:testCompile
(default-testCompile) on project hbase: Compilation failure
[ERROR] /Users/mahadev/workspace/hbase-workspace/hbase-git/src/test/java/org/apache/hadoop/hbase/regionserver/wal/TestLogRolling.java:[341,33]
cannot find symbol
[ERROR] symbol : variable dnRegistration
[ERROR] location: class org.apache.hadoop.hdfs.server.datanode.DataNode
[ERROR] -> [Help 1]
[ERROR]
Status:
CLOSED
Priority:
Major
Resolution:
Fixed
Affects_version:
0.92.0
Fix_version:
0.92.1
Component:
None
Label:
None
Environment:

Attachment number:
0
Assignee:
Unassigned
Reporter:
Ted Yu
Create date:
13/Jan/12 04:09
Update date:
20/Nov/15 11:52
Resolved date:
01/Feb/12 19:09
