Summary:
TestLogRolling.java doesn't compile against the latest 0.23.1-SNAPSHOT
Description:
Here's how to reproduce:
$ mvn clean -DskipTests -Dhadoop.profile=23 -Dinstall site assembly:assembly -Dmaven.repo.local=/home/rvs/.m2/repository
........
[ERROR] Failed to execute goal org.apache.maven.plugins:maven-compiler-plugin:2.0.2:testCompile (default-testCompile) on project hbase: Compilation failure
[ERROR] /home/rvs/src/bigtop/output/hbase/hbase-0.92.0/src/test/java/org/apache/hadoop/hbase/regionserver/wal/TestLogRolling.java:[341,33] cannot find symbol
[ERROR] symbol  : variable dnRegistration
[ERROR] location: class org.apache.hadoop.hdfs.server.datanode.DataNode
[ERROR] -> [Help 1]
Status:
RESOLVED
Priority:
Major
Resolution:
Not A Problem
Affects_version:
0.92.0
Fix_version:
None
Component:
test
Label:
None
Environment:

Attachment number:
0
Assignee:
Unassigned
Reporter:
Roman Shaposhnik
Create date:
26/Jan/12 18:03
Update date:
24/Dec/14 20:12
Resolved date:
24/Dec/14 20:12
