Summary:
TestHFileOutputFormat.testExcludeAllFromMinorCompaction fails
Description:
This one fails pretty frequently in hadoopqa but also on build servers. I'm going to disable it for now and make a new issue to reenable for whoever wants to take a looksee.
Here are some of the fails:
From precommit: https://builds.apache.org/job/PreCommit-HBASE-Build/6484//testReport/org.apache.hadoop.hbase.mapreduce/TestHFileOutputFormat/testExcludeAllFromMinorCompaction/
Fails like this:
java.lang.AssertionError
 at org.junit.Assert.fail(Assert.java:86)
 at org.junit.Assert.fail(Assert.java:95)
 at org.apache.hadoop.hbase.mapreduce.TestHFileOutputFormat.quickPoll(TestHFileOutputFormat.java:808)
 at org.apache.hadoop.hbase.mapreduce.TestHFileOutputFormat.testExcludeAllFromMinorCompaction(TestHFileOutputFormat.java:710)
 at sun.reflect.NativeMethodAccessorImpl.invoke0(Native Method)
 at sun.reflect.NativeMethodAccessorImpl.invoke(NativeMethodAccessorImpl.java:39)
 at sun.reflect.DelegatingMethodAccessorImpl.invoke(DelegatingMethodAccessorImpl.java:25)
 at java.lang.reflect.Method.invoke(Method.java:597)
 at org.junit.runners.model.FrameworkMethod$1.runReflectiveCall(FrameworkMethod.java:47)
 at org.junit.internal.runners.model.ReflectiveCallable.run(ReflectiveCallable.java:12)
 at org.junit.runners.model.FrameworkMethod.invokeExplosively(FrameworkMethod.java:44)
 at org.junit.internal.runners.statements.InvokeMethod.evaluate(InvokeMethod.java:17)
 at org.junit.runners.ParentRunner.runLeaf(ParentRunner.java:271)
 at org.junit.runners.BlockJUnit4ClassRunner.runChild(BlockJUnit4ClassRunner.java:70)
 at org.junit.runners.BlockJUnit4ClassRunner.runChild(BlockJUnit4ClassRunner.java:50)
 at org.junit.runners.ParentRunner$3.run(ParentRunner.java:238)
 at org.junit.runners.ParentRunner$1.schedule(ParentRunner.java:63)
 at org.junit.runners.ParentRunner.runChildren(ParentRunner.java:236)
 at org.junit.runners.ParentRunner.access$000(ParentRunner.java:53)
 at org.junit.runners.ParentRunner$2.evaluate(ParentRunner.java:229)
 at org.junit.runners.ParentRunner.run(ParentRunner.java:309)
 at org.junit.runners.Suite.runChild(Suite.java:127)
 at org.junit.runners.Suite.runChild(Suite.java:26)
 at org.junit.runners.ParentRunner$3.run(ParentRunner.java:238)
 at java.util.concurrent.Executors$RunnableAdapter.call(Executors.java:441)
 at java.util.concurrent.FutureTask$Sync.innerRun(FutureTask.java:303)
 at java.util.concurrent.FutureTask.run(FutureTask.java:138)
 at java.util.concurrent.ThreadPoolExecutor$Worker.runTask(ThreadPoolExecutor.java:886)
 at java.util.concurrent.ThreadPoolExecutor$Worker.run(ThreadPoolExecutor.java:908)
 at java.lang.Thread.run(Thread.java:662)
Here is from ec2 build box: http://54.241.6.143/job/HBase-TRUNK-Hadoop-2/org.apache.hbase$hbase-server/423/testReport/org.apache.hadoop.hbase.mapreduce/TestHFileOutputFormat/testExcludeAllFromMinorCompaction/
Fails like this (the same):
java.lang.AssertionError
 at org.junit.Assert.fail(Assert.java:86)
 at org.junit.Assert.fail(Assert.java:95)
 at org.apache.hadoop.hbase.mapreduce.TestHFileOutputFormat.quickPoll(TestHFileOutputFormat.java:808)
 at org.apache.hadoop.hbase.mapreduce.TestHFileOutputFormat.testExcludeAllFromMinorCompaction(TestHFileOutputFormat.java:710)
 at sun.reflect.NativeMethodAccessorImpl.invoke0(Native Method)
 at sun.reflect.NativeMethodAccessorImpl.invoke(NativeMethodAccessorImpl.java:39)
 at sun.reflect.DelegatingMethodAccessorImpl.invoke(DelegatingMethodAccessorImpl.java:25)
 at java.lang.reflect.Method.invoke(Method.java:597)
 at org.junit.runners.model.FrameworkMethod$1.runReflectiveCall(FrameworkMethod.java:47)
 at org.junit.internal.runners.model.ReflectiveCallable.run(ReflectiveCallable.java:12)
 at org.junit.runners.model.FrameworkMethod.invokeExplosively(FrameworkMethod.java:44)
 at org.junit.internal.runners.statements.InvokeMethod.evaluate(InvokeMethod.java:17)
 at org.junit.runners.ParentRunner.runLeaf(ParentRunner.java:271)
 at org.junit.runners.BlockJUnit4ClassRunner.runChild(BlockJUnit4ClassRunner.java:70)
 at org.junit.runners.BlockJUnit4ClassRunner.runChild(BlockJUnit4ClassRunner.java:50)
 at org.junit.runners.ParentRunner$3.run(ParentRunner.java:238)
 at org.junit.runners.ParentRunner$1.schedule(ParentRunner.java:63)
 at org.junit.runners.ParentRunner.runChildren(ParentRunner.java:236)
 at org.junit.runners.ParentRunner.access$000(ParentRunner.java:53)
 at org.junit.runners.ParentRunner$2.evaluate(ParentRunner.java:229)
 at org.junit.runners.ParentRunner.run(ParentRunner.java:309)
 at org.junit.runners.Suite.runChild(Suite.java:127)
 at org.junit.runners.Suite.runChild(Suite.java:26)
 at org.junit.runners.ParentRunner$3.run(ParentRunner.java:238)
 at java.util.concurrent.Executors$RunnableAdapter.call(Executors.java:439)
 at java.util.concurrent.FutureTask$Sync.innerRun(FutureTask.java:303)
 at java.util.concurrent.FutureTask.run(FutureTask.java:138)
 at java.util.concurrent.ThreadPoolExecutor$Worker.runTask(ThreadPoolExecutor.java:895)
 at java.util.concurrent.ThreadPoolExecutor$Worker.run(ThreadPoolExecutor.java:918)
 at java.lang.Thread.run(Thread.java:662)
Status:
CLOSED
Priority:
Major
Resolution:
Fixed
Affects_version:
None
Fix_version:
0.95.2
Component:
test
Label:
None
Environment:

Attachment number:
0
Assignee:
stack
Reporter:
stack
Create date:
26/Jul/13 23:32
Update date:
23/Sep/13 19:22
Resolved date:
27/Jul/13 00:00
